<project xmlns="http://maven.apache.org/POM/4.0.0" xmlns:xsi="http://www.w3.org/2001/XMLSchema-instance"
	xsi:schemaLocation="http://maven.apache.org/POM/4.0.0 http://maven.apache.org/xsd/maven-4.0.0.xsd">
	<modelVersion>4.0.0</modelVersion>
	<parent>
		<groupId>com.github.wokier.progress-maven-plugin</groupId>
		<artifactId>progress-maven-plugin-test-modules</artifactId>
		<version>0.1</version>
		<relativePath>./test-modules-pom.xml</relativePath>
	</parent>
	<artifactId>progress-maven-plugin-test-modulesB</artifactId>

	<build>

		<plugins>
			<plugin>
				<groupId>com.github.wokier.progress-maven-plugin</groupId>
				<artifactId>progress-maven-plugin</artifactId>
				<version>0.1</version>
				<executions>
					<execution>
						<goals>
							<goal>display-progress</goal>
						</goals>
					</execution>
				</executions>
				<configuration></configuration>
			</plugin>
		</plugins>
	</build>


</project>